2022-04-08T14:11:55+00:00 INFO Array
(
    [Webhook Delivery] => Array
        (
            [Delivery ID] => 90bb4b34a0c03dec8bb952c42cadeb16
            [Date] => Apr 8, 2022 @ 14:11
            [URL] => https://connect.pabbly.com/workflow/sendwebhookdata/IjI5Nzc4OCI_3D
            [Duration] => 1.07435
            [Request] => Array
                (
                    [Method] => POST
                    [Headers] => Array
                        (
                            [User-Agent] => WooCommerce/6.3.1 Hookshot (WordPress/5.9.2)
                            [Content-Type] => application/json
                            [X-WC-Webhook-Source] => https://codewithakki.com/
                            [X-WC-Webhook-Topic] => order.created
                            [X-WC-Webhook-Resource] => order
                            [X-WC-Webhook-Event] => created
                            [X-WC-Webhook-Signature] => 9Gopr/mOA7fB2AT/kbaC1ftZte6fnL+c02nGi9uffvk=
                            [X-WC-Webhook-ID] => 1
                            [X-WC-Webhook-Delivery-ID] => 90bb4b34a0c03dec8bb952c42cadeb16
                        )

                )

            [Body] => Webhook body is not logged unless WP_DEBUG mode is turned on. This is to avoid the storing of personal data in the logs.
            [Response] => Array
                (
                    [Code] => 200
                    [Message] => OK
                    [Headers] => Requests_Utility_CaseInsensitiveDictionary Object
                        (
                            [data:protected] => Array
                                (
                                    [date] => Fri, 08 Apr 2022 14:11:55 GMT
                                    [content-type] => text/html; charset=UTF-8
                                    [set-cookie] => ci_connect_pabbly_sesion=bkt3mecc4i7944ponkujupaphtmhfpc7; expires=Fri, 08-Apr-2022 16:11:54 GMT; Max-Age=7200; path=/; HttpOnly
                                    [expires] => Thu, 19 Nov 1981 08:52:00 GMT
                                    [cache-control] => no-store, no-cache, must-revalidate
                                    [pragma] => no-cache
                                    [access-control-allow-origin] => *
                                    [access-control-allow-methods] => PUT, GET, POST, DELETE
                                    [access-control-allow-headers] => Content-Type, Content-Range, Content-Disposition, Content-Description
                                    [x-frame-options] => SAMEORIGIN
                                    [x-content-type-options] => nosniff
                                    [x-xss-protection] => 1; mode=block
                                    [strict-transport-security] => max-age=31536000
                                    [cf-cache-status] => DYNAMIC
                                    [expect-ct] => max-age=604800, report-uri="https://report-uri.cloudflare.com/cdn-cgi/beacon/expect-ct"
                                    [report-to] => {"endpoints":[{"url":"https:\/\/a.nel.cloudflare.com\/report\/v3?s=QSnQVzlh%2FLViUjQoX8LDlb9yA7hSnvvgIbHXDWT0HOgQqDHA3d9XFay0O6fxXNCXE95gCzvbBLcfj%2Fdd5eyUSFhLb2dIDzC9WyrKj6Ij83pJGAHhDqNsdbeUGx%2FJdnlh6M1Ye7H9AtCp1UEpqXfK4Q%3D%3D"}],"group":"cf-nel","max_age":604800}
                                    [nel] => {"success_fraction":0,"report_to":"cf-nel","max_age":604800}
                                    [server] => cloudflare
                                    [cf-ray] => 6f8b984bc9976ee2-BOM
                                    [content-encoding] => gzip
                                )

                        )

                    [Body] => Webhook body is not logged unless WP_DEBUG mode is turned on. This is to avoid the storing of personal data in the logs.
                )

        )

)

