2022-04-10T16:02:40+00:00 INFO Array
(
    [Webhook Delivery] => Array
        (
            [Delivery ID] => 62670b186733e6aecbfccd228c3a2eba
            [Date] => Apr 10, 2022 @ 16:02
            [URL] => https://connect.pabbly.com/workflow/sendwebhookdata/IjI5Nzc4OCI_3D
            [Duration] => 1.5561
            [Request] => Array
                (
                    [Method] => POST
                    [Headers] => Array
                        (
                            [User-Agent] => WooCommerce/6.3.1 Hookshot (WordPress/5.9.2)
                            [Content-Type] => application/json
                            [X-WC-Webhook-Source] => https://codewithakki.com/
                            [X-WC-Webhook-Topic] => order.created
                            [X-WC-Webhook-Resource] => order
                            [X-WC-Webhook-Event] => created
                            [X-WC-Webhook-Signature] => 1bkQqkkyruke9ERk3ngvSGSzBJdACuj2/bzMQUNhllM=
                            [X-WC-Webhook-ID] => 1
                            [X-WC-Webhook-Delivery-ID] => 62670b186733e6aecbfccd228c3a2eba
                        )

                )

            [Body] => Webhook body is not logged unless WP_DEBUG mode is turned on. This is to avoid the storing of personal data in the logs.
            [Response] => Array
                (
                    [Code] => 200
                    [Message] => OK
                    [Headers] => Requests_Utility_CaseInsensitiveDictionary Object
                        (
                            [data:protected] => Array
                                (
                                    [date] => Sun, 10 Apr 2022 16:02:40 GMT
                                    [content-type] => text/html; charset=UTF-8
                                    [set-cookie] => ci_connect_pabbly_sesion=3jmdc8ugb15sk4ifdcroi1d7n7irvnc8; expires=Sun, 10-Apr-2022 18:02:40 GMT; Max-Age=7200; path=/; HttpOnly
                                    [expires] => Thu, 19 Nov 1981 08:52:00 GMT
                                    [cache-control] => no-store, no-cache, must-revalidate
                                    [pragma] => no-cache
                                    [access-control-allow-origin] => *
                                    [access-control-allow-methods] => PUT, GET, POST, DELETE
                                    [access-control-allow-headers] => Content-Type, Content-Range, Content-Disposition, Content-Description
                                    [x-frame-options] => SAMEORIGIN
                                    [x-content-type-options] => nosniff
                                    [x-xss-protection] => 1; mode=block
                                    [strict-transport-security] => max-age=31536000
                                    [cf-cache-status] => DYNAMIC
                                    [expect-ct] => max-age=604800, report-uri="https://report-uri.cloudflare.com/cdn-cgi/beacon/expect-ct"
                                    [report-to] => {"endpoints":[{"url":"https:\/\/a.nel.cloudflare.com\/report\/v3?s=QpABR3sBAEPvuBi3t7bpr33Cuys2uKGa%2BdMMVhAHz4ALZk44JG3W5kJizpzffQdD4doEiYtfsBC1ujOMB0aT5cX7fP4dCVj%2F%2FFMJqKEtRQ98DfMH36iRxIcS%2F0Mpm3Q0w8tIdmcFX8H46ThUO9UPLg%3D%3D"}],"group":"cf-nel","max_age":604800}
                                    [nel] => {"success_fraction":0,"report_to":"cf-nel","max_age":604800}
                                    [server] => cloudflare
                                    [cf-ray] => 6f9cb547bcde31e2-BOM
                                    [content-encoding] => gzip
                                )

                        )

                    [Body] => Webhook body is not logged unless WP_DEBUG mode is turned on. This is to avoid the storing of personal data in the logs.
                )

        )

)

